Host: b'N20 M105*21\r\n'
Host: b'N21 M105*20\r\n'
Host: b'N22 M105*23\r\n'
Host: b'N23 M105*22\r\n'
Printer: b'T:200\r\n'
Printer: b'T:200\r\n'
Host: b'N24 M105*17\r\n'
Printer: b'T:200\r\n'
Host: b'N25 M105*16\r\n'
Printer: b'T:200\r\n'
Host: b'N26 M105*19\r\n'
Printer: b'T:200\r\n'
Host: b'N27 M105*18\r\n'
Printer: b'T:200\r\n'
Host: b'N28 M105*29\r\n'
Printer: b'T:200\r\n'
Host: b'N29 M105*28\r\n'
Printer: b'T:200\r\n'
Host: b'N30 M105*20\r\n'
Printer: b'T:200\r\n'
Host: b'N31 M105*21\r\n'
Printer: b'T:200\r\n'
Host: b'N32 M105*22\r\n'
Printer: b'T:200\r\n'
Host: b'\x00\x00\x00\x00\x00\x00\x00\x00\x00\x00\x00\x00\x00\x00\x00\x00\x00\x00\x00\x00\x00\x00\x00\x00\x00\x00\x00\x00\x00\x00\x00\x00\x00\x00\x00\x00\x00\x00\x00\x00\x00\x00\x00\x00\x00\x00\x00\x00\x00\x00\x00\x00\x00\x00\x00\x00\x00\x00\x00\x00\x00\x00\x00\x00\x00\x00\x00\x00\x00\x00\x00\x00\x00\x00\x00\x00\x00\x00\x00\x00\x00\x00\x00\x00\x00\x00\x00\x00\x00\x00\x00\x00\x00\x00\x00\x00\x00\x00\x00\x00\n'
Printer: b'\x00\x00\x00\x00\x00\x00\x00\x00\x00\x00\x00\x00\x00\x00\x00\x00\x00\x00\x00\x00\x00\x00\x00\x00\x00\x00\x00\x00\x00\x00\x00\x00\x00\x00\x00\x00\x00\x00\x00\x00\x00\x00\x00\x00\x00\x00\x00\x00\x00\x00\x00\x00\x00\x00\x00\x00\x00\x00\x00\x00\x00\x00\x00\x00\x00\x00\x00\x00\x00\x00\x00\x00\x00\x00\x00\x00\x00\x00\x00\x00\x00\x00\x00\x00\x00\x00\x00\x00\x00\x00\x00\x00\x00\x00\x00\x00\x00\x00\x00\x00\n'
Host: b'N1 M110*34\r\n'
Host: b'N2 M115*36\r\n'
Host: b'N3 M105*36\r\n'
Printer: b'T:200\r\n'
Host: b'N4 M114*35\r\n'
Host: b'N5 M111 S6*98\r\n'
Host: b'N6 T0*60\r\n'
Host: b'N7 M20*22\r\n'
Host: b'N8 M80*19\r\n'
Host: b'N9 M105*46\r\n'
Printer: b'T:200\r\n'
Host: b'N10 M105*22\r\n'
Printer: b'T:200\r\n'
